{"level":"error","service":"user-service"}
{"level":"error","service":"user-service"}
{"level":"error"}
{"level":"error","service":"user-service"}
{"level":"error"}
{"level":"error"}
{"level":"error"}
{"level":"error"}
{"level":"error"}
{"level":"error"}
{"level":"error"}
{"level":"error"}
{"level":"error"}
{"level":"error"}
{"level":"error","message":"peepee"}
{"level":"error"}
{"level":"error","message":""}
{"level":"error","message":""}
{"level":"error","message":"","timestamp":"05-25-2023 22:04:11"}
{"level":"error","message":"","timestamp":"05-25-2023 22:04:33"}
{"level":"error","message":"Test error: ","timestamp":"05-25-2023 22:04:43"}
{"level":"error","message":"Error getting single NPC.","timestamp":"05-25-2023 22:14:47"}
{"level":"error","message":"Error getting single NPC.","timestamp":"05-25-2023 22:15:18"}
{"level":"error","message":"Error getting single NPC.","timestamp":"05-25-2023 22:15:31"}
{"level":"error","message":"Error getting single NPC.","timestamp":"05-25-2023 22:59:47"}
{"level":"error","message":"Error getting single NPC.","timestamp":"05-26-2023 14:39:02"}
{"level":"error","message":"Error getting single NPC.","timestamp":"06-02-2023 20:50:06"}
{"level":"error","message":"Error getting single NPC.","timestamp":"06-02-2023 20:50:25"}
